2022-01-12 16:37:54,708 CRIT Supervisor is running as root.  Privileges were not dropped because no user is specified in the config file.  If you intend to run as root, you can set user=root in the config file to avoid this message.
2022-01-12 16:37:54,713 INFO supervisord started with pid 1
2022-01-12 16:37:55,716 INFO spawned: 'php_server' with pid 7
2022-01-12 16:37:56,865 INFO success: php_server entered RUNNING state, process has stayed up for > than 1 seconds (startsecs)
2022-01-12 16:43:13,267 WARN received SIGTERM indicating exit request
2022-01-12 16:43:13,267 INFO waiting for php_server to die
2022-01-12 16:43:13,342 INFO stopped: php_server (exit status 0)
2022-01-12 16:43:13,342 INFO reaped unknown pid 26 (exit status 0)
2022-01-12 16:43:39,580 CRIT Supervisor is running as root.  Privileges were not dropped because no user is specified in the config file.  If you intend to run as root, you can set user=root in the config file to avoid this message.
2022-01-12 16:43:39,582 INFO supervisord started with pid 1
2022-01-12 16:43:40,584 INFO spawned: 'php_server' with pid 7
2022-01-12 16:43:41,794 INFO success: php_server entered RUNNING state, process has stayed up for > than 1 seconds (startsecs)
2022-01-12 16:44:49,873 WARN received SIGTERM indicating exit request
2022-01-12 16:44:49,873 INFO waiting for php_server to die
2022-01-12 16:44:49,892 INFO stopped: php_server (exit status 0)
2022-01-12 16:44:49,893 INFO reaped unknown pid 22 (exit status 0)
2022-01-12 16:45:08,235 CRIT Supervisor is running as root.  Privileges were not dropped because no user is specified in the config file.  If you intend to run as root, you can set user=root in the config file to avoid this message.
2022-01-12 16:45:08,237 INFO supervisord started with pid 1
2022-01-12 16:45:09,240 INFO spawned: 'php_server' with pid 8
2022-01-12 16:45:10,274 INFO success: php_server entered RUNNING state, process has stayed up for > than 1 seconds (startsecs)
2022-01-12 17:23:34,994 WARN received SIGTERM indicating exit request
2022-01-12 17:23:35,062 INFO waiting for php_server to die
2022-01-12 17:23:35,206 INFO stopped: php_server (exit status 0)
2022-01-12 17:24:55,560 CRIT Supervisor is running as root.  Privileges were not dropped because no user is specified in the config file.  If you intend to run as root, you can set user=root in the config file to avoid this message.
2022-01-12 17:24:55,562 INFO supervisord started with pid 1
2022-01-12 17:24:56,565 INFO spawned: 'php_server' with pid 8
2022-01-12 17:24:58,107 INFO success: php_server entered RUNNING state, process has stayed up for > than 1 seconds (startsecs)
2022-01-12 17:26:32,219 WARN received SIGTERM indicating exit request
2022-01-12 17:26:32,220 INFO waiting for php_server to die
2022-01-12 17:26:32,256 INFO stopped: php_server (exit status 0)
2022-01-12 17:28:48,453 CRIT Supervisor is running as root.  Privileges were not dropped because no user is specified in the config file.  If you intend to run as root, you can set user=root in the config file to avoid this message.
2022-01-12 17:28:48,455 INFO supervisord started with pid 1
2022-01-12 17:28:49,457 INFO spawned: 'php_server' with pid 7
2022-01-12 17:28:50,513 INFO success: php_server entered RUNNING state, process has stayed up for > than 1 seconds (startsecs)
